# JRE version: OpenJDK Runtime Environment (18.0.2.1+1) (build 18.0.2.1+1-1)
# Java VM: OpenJDK 64-Bit Server VM (18.0.2.1+1-1, mixed mode, emulated-client, sharing, tiered, compressed oops, compressed class ptrs, g1 gc, windows-amd64)
GC Precious Log:
 CardTable entry size: 512
 Card Set container configuration: InlinePtr #cards 4 size 8 Array Of Cards #cards 16 size 48 Howl #buckets 8 coarsen threshold 3686 Howl Bitmap #cards 512 size 80 coarsen threshold 460 Card regions per heap region 1 cards per card region 4096
 CPUs: 16 total, 16 available
 Memory: 15791M
 Large Page Support: Disabled
 NUMA Support: Disabled
 Compressed Oops: Enabled (Zero based)
 Heap Region Size: 2M
 Heap Min Capacity: 8M
 Heap Initial Capacity: 248M
 Heap Max Capacity: 3948M
 Pre-touch: Disabled
 Parallel Workers: 13
 Concurrent Workers: 3
 Concurrent Refinement Workers: 13
 Periodic GC: Disabled
Heap:
 garbage-first heap   total 102400K, used 49579K [0x0000000709400000, 0x0000000800000000)
  region size 2048K, 2 young (4096K), 2 survivors (4096K)
 Metaspace       used 64242K, committed 65024K, reserved 1114112K
  class space    used 8968K, committed 9344K, reserved 1048576K
GC Heap History (20 events):
Event: 3.746 GC heap after
{Heap after GC invocations=10 (full 0):
 garbage-first heap   total 75776K, used 21129K [0x0000000709400000, 0x0000000800000000)
  region size 2048K, 1 young (2048K), 1 survivors (2048K)
 Metaspace       used 46970K, committed 47552K, reserved 1114112K
  class space    used 6379K, committed 6656K, reserved 1048576K
}
Event: 4.267 GC heap before
{Heap before GC invocations=10 (full 0):
 garbage-first heap   total 75776K, used 51849K [0x0000000709400000, 0x0000000800000000)
  region size 2048K, 17 young (34816K), 1 survivors (2048K)
 Metaspace       used 53289K, committed 53824K, reserved 1114112K
  class space    used 7357K, committed 7616K, reserved 1048576K
}
Event: 4.269 GC heap after
{Heap after GC invocations=11 (full 0):
 garbage-first heap   total 137216K, used 22922K [0x0000000709400000, 0x0000000800000000)
  region size 2048K, 2 young (4096K), 2 survivors (4096K)
 Metaspace       used 53289K, committed 53824K, reserved 1114112K
  class space    used 7357K, committed 7616K, reserved 1048576K
}
Event: 8.682 GC heap before
{Heap before GC invocations=11 (full 0):
 garbage-first heap   total 137216K, used 72074K [0x0000000709400000, 0x0000000800000000)
  region size 2048K, 27 young (55296K), 2 survivors (4096K)
 Metaspace       used 59933K, committed 60608K, reserved 1114112K
  class space    used 8279K, committed 8576K, reserved 1048576K
}
Event: 8.688 GC heap after
{Heap after GC invocations=12 (full 0):
 garbage-first heap   total 137216K, used 26814K [0x0000000709400000, 0x0000000800000000)
  region size 2048K, 3 young (6144K), 3 survivors (6144K)
 Metaspace       used 59933K, committed 60608K, reserved 1114112K
  class space    used 8279K, committed 8576K, reserved 1048576K
}
Event: 317.017 GC heap before
{Heap before GC invocations=13 (full 0):
 garbage-first heap   total 102400K, used 80062K [0x0000000709400000, 0x0000000800000000)
  region size 2048K, 30 young (61440K), 3 survivors (6144K)
 Metaspace       used 64105K, committed 64832K, reserved 1114112K
  class space    used 8944K, committed 9280K, reserved 1048576K
}
Event: 317.024 GC heap after
{Heap after GC invocations=14 (full 0):
 garbage-first heap   total 102400K, used 28717K [0x0000000709400000, 0x0000000800000000)
  region size 2048K, 3 young (6144K), 3 survivors (6144K)
 Metaspace       used 64105K, committed 64832K, reserved 1114112K
  class space    used 8944K, committed 9280K, reserved 1048576K
}
Event: 355.224 GC heap before
{Heap before GC invocations=14 (full 0):
 garbage-first heap   total 102400K, used 77869K [0x0000000709400000, 0x0000000800000000)
  region size 2048K, 28 young (57344K), 3 survivors (6144K)
 Metaspace       used 64222K, committed 64960K, reserved 1114112K
  class space    used 8962K, committed 9280K, reserved 1048576K
}
Event: 355.231 GC heap after
{Heap after GC invocations=15 (full 0):
 garbage-first heap   total 102400K, used 36801K [0x0000000709400000, 0x0000000800000000)
  region size 2048K, 4 young (8192K), 4 survivors (8192K)
 Metaspace       used 64222K, committed 64960K, reserved 1114112K
  class space    used 8962K, committed 9280K, reserved 1048576K
}
Event: 355.638 GC heap before
{Heap before GC invocations=15 (full 0):
 garbage-first heap   total 102400K, used 75713K [0x0000000709400000, 0x0000000800000000)
  region size 2048K, 24 young (49152K), 4 survivors (8192K)
 Metaspace       used 64222K, committed 64960K, reserved 1114112K
  class space    used 8962K, committed 9280K, reserved 1048576K
}
Event: 355.644 GC heap after
{Heap after GC invocations=16 (full 0):
 garbage-first heap   total 102400K, used 41195K [0x0000000709400000, 0x0000000800000000)
  region size 2048K, 3 young (6144K), 3 survivors (6144K)
 Metaspace       used 64222K, committed 64960K, reserved 1114112K
  class space    used 8962K, committed 9280K, reserved 1048576K
}
Event: 355.963 GC heap before
{Heap before GC invocations=16 (full 0):
 garbage-first heap   total 102400K, used 73963K [0x0000000709400000, 0x0000000800000000)
  region size 2048K, 20 young (40960K), 3 survivors (6144K)
 Metaspace       used 64224K, committed 64960K, reserved 1114112K
  class space    used 8964K, committed 9280K, reserved 1048576K
}
Event: 355.966 GC heap after
{Heap after GC invocations=17 (full 0):
 garbage-first heap   total 102400K, used 43515K [0x0000000709400000, 0x0000000800000000)
  region size 2048K, 2 young (4096K), 2 survivors (4096K)
 Metaspace       used 64224K, committed 64960K, reserved 1114112K
  class space    used 8964K, committed 9280K, reserved 1048576K
}
Event: 356.300 GC heap before
{Heap before GC invocations=17 (full 0):
 garbage-first heap   total 102400K, used 76283K [0x0000000709400000, 0x0000000800000000)
  region size 2048K, 19 young (38912K), 2 survivors (4096K)
 Metaspace       used 64242K, committed 65024K, reserved 1114112K
  class space    used 8968K, committed 9344K, reserved 1048576K
}
Event: 356.302 GC heap after
{Heap after GC invocations=18 (full 0):
 garbage-first heap   total 102400K, used 45129K [0x0000000709400000, 0x0000000800000000)
  region size 2048K, 3 young (6144K), 3 survivors (6144K)
 Metaspace       used 64242K, committed 65024K, reserved 1114112K
  class space    used 8968K, committed 9344K, reserved 1048576K
}
Event: 356.617 GC heap before
{Heap before GC invocations=18 (full 0):
 garbage-first heap   total 102400K, used 77897K [0x0000000709400000, 0x0000000800000000)
  region size 2048K, 19 young (38912K), 3 survivors (6144K)
 Metaspace       used 64242K, committed 65024K, reserved 1114112K
  class space    used 8968K, committed 9344K, reserved 1048576K
}
Event: 356.621 GC heap after
{Heap after GC invocations=19 (full 0):
 garbage-first heap   total 102400K, used 46819K [0x0000000709400000, 0x0000000800000000)
  region size 2048K, 3 young (6144K), 3 survivors (6144K)
 Metaspace       used 64242K, committed 65024K, reserved 1114112K
  class space    used 8968K, committed 9344K, reserved 1048576K
}
Event: 356.868 GC heap before
{Heap before GC invocations=19 (full 0):
 garbage-first heap   total 102400K, used 75491K [0x0000000709400000, 0x0000000800000000)
  region size 2048K, 18 young (36864K), 3 survivors (6144K)
 Metaspace       used 64242K, committed 65024K, reserved 1114112K
  class space    used 8968K, committed 9344K, reserved 1048576K
}
Event: 356.872 GC heap after
{Heap after GC invocations=20 (full 0):
 garbage-first heap   total 102400K, used 48211K [0x0000000709400000, 0x0000000800000000)
  region size 2048K, 3 young (6144K), 3 survivors (6144K)
 Metaspace       used 64242K, committed 65024K, reserved 1114112K
  class space    used 8968K, committed 9344K, reserved 1048576K
}
Event: 357.226 GC heap before
{Heap before GC invocations=20 (full 0):
 garbage-first heap   total 102400K, used 76883K [0x0000000709400000, 0x0000000800000000)
  region size 2048K, 18 young (36864K), 3 survivors (6144K)
 Metaspace       used 64242K, committed 65024K, reserved 1114112K
  class space    used 8968K, committed 9344K, reserved 1048576K
}

